# JRE version: Java(TM) SE Runtime Environment 18.9 (11.0.10+8) (build 11.0.10+8-LTS-162)
# Java VM: Java HotSpot(TM) 64-Bit Server VM 18.9 (11.0.10+8-LTS-162, mixed mode, tiered, compressed oops, g1 gc, windows-amd64)
Heap:
 garbage-first heap   total 129024K, used 10057K [0x0000000082200000, 0x0000000100000000)
  region size 1024K, 3 young (3072K), 3 survivors (3072K)
 Metaspace       used 22682K, capacity 23378K, committed 23420K, reserved 1101824K
  class space    used 2715K, capacity 3009K, committed 3020K, reserved 1048576K
GC Heap History (10 events):
Event: 0.937 GC heap before
{Heap before GC invocations=0 (full 0):
 garbage-first heap   total 129024K, used 24576K [0x0000000082200000, 0x0000000100000000)
  region size 1024K, 24 young (24576K), 0 survivors (0K)
 Metaspace       used 13992K, capacity 14280K, committed 14464K, reserved 1062912K
  class space    used 1472K, capacity 1596K, committed 1664K, reserved 1048576K
}
Event: 0.941 GC heap after
{Heap after GC invocations=1 (full 0):
 garbage-first heap   total 129024K, used 7500K [0x0000000082200000, 0x0000000100000000)
  region size 1024K, 3 young (3072K), 3 survivors (3072K)
 Metaspace       used 13992K, capacity 14280K, committed 14464K, reserved 1062912K
  class space    used 1472K, capacity 1596K, committed 1664K, reserved 1048576K
}
Event: 1.304 GC heap before
{Heap before GC invocations=1 (full 0):
 garbage-first heap   total 129024K, used 47436K [0x0000000082200000, 0x0000000100000000)
  region size 1024K, 44 young (45056K), 3 survivors (3072K)
 Metaspace       used 20633K, capacity 21194K, committed 21296K, reserved 1069056K
  class space    used 2413K, capacity 2655K, committed 2688K, reserved 1048576K
}
Event: 1.308 GC heap after
{Heap after GC invocations=2 (full 0):
 garbage-first heap   total 129024K, used 9257K [0x0000000082200000, 0x0000000100000000)
  region size 1024K, 5 young (5120K), 5 survivors (5120K)
 Metaspace       used 20633K, capacity 21194K, committed 21296K, reserved 1069056K
  class space    used 2413K, capacity 2655K, committed 2688K, reserved 1048576K
}
Event: 1.362 GC heap before
{Heap before GC invocations=3 (full 0):
 garbage-first heap   total 129024K, used 18473K [0x0000000082200000, 0x0000000100000000)
  region size 1024K, 15 young (15360K), 5 survivors (5120K)
 Metaspace       used 22107K, capacity 22778K, committed 22908K, reserved 1085440K
  class space    used 2644K, capacity 2937K, committed 3020K, reserved 1048576K
}
Event: 1.366 GC heap after
{Heap after GC invocations=4 (full 0):
 garbage-first heap   total 129024K, used 10078K [0x0000000082200000, 0x0000000100000000)
  region size 1024K, 3 young (3072K), 3 survivors (3072K)
 Metaspace       used 22107K, capacity 22778K, committed 22908K, reserved 1085440K
  class space    used 2644K, capacity 2937K, committed 3020K, reserved 1048576K
}
Event: 1.383 GC heap before
{Heap before GC invocations=5 (full 0):
 garbage-first heap   total 129024K, used 11102K [0x0000000082200000, 0x0000000100000000)
  region size 1024K, 6 young (6144K), 3 survivors (3072K)
 Metaspace       used 22416K, capacity 23075K, committed 23164K, reserved 1091584K
  class space    used 2682K, capacity 2972K, committed 3020K, reserved 1048576K
}
Event: 1.387 GC heap after
{Heap after GC invocations=6 (full 0):
 garbage-first heap   total 129024K, used 10077K [0x0000000082200000, 0x0000000100000000)
  region size 1024K, 3 young (3072K), 3 survivors (3072K)
 Metaspace       used 22416K, capacity 23075K, committed 23164K, reserved 1091584K
  class space    used 2682K, capacity 2972K, committed 3020K, reserved 1048576K
}
Event: 1.411 GC heap before
{Heap before GC invocations=7 (full 0):
 garbage-first heap   total 129024K, used 11101K [0x0000000082200000, 0x0000000100000000)
  region size 1024K, 5 young (5120K), 3 survivors (3072K)
 Metaspace       used 22682K, capacity 23378K, committed 23420K, reserved 1099776K
  class space    used 2715K, capacity 3009K, committed 3020K, reserved 1048576K
}
Event: 1.414 GC heap after
{Heap after GC invocations=8 (full 0):
 garbage-first heap   total 129024K, used 10057K [0x0000000082200000, 0x0000000100000000)
  region size 1024K, 3 young (3072K), 3 survivors (3072K)
 Metaspace       used 22682K, capacity 23378K, committed 23420K, reserved 1099776K
  class space    used 2715K, capacity 3009K, committed 3020K, reserved 1048576K
}

